<?xml version="1.0" encoding="UTF-8"?>
<coverage generated="1646302967350" clover="3.2.0">
  <project timestamp="1646302967350" name="All files">
    <metrics statements="33" coveredstatements="31" conditionals="54" coveredconditionals="47" methods="8" coveredmethods="8" elements="95" coveredelements="86" complexity="0" loc="33" ncloc="33" packages="1" files="1" classes="1"/>
    <file name="getTime.js" path="/Users/ci-yuni.chou/Documents/Ts_Declaration_Files/getTime/getTime.js">
      <metrics statements="33" coveredstatements="31" conditionals="54" coveredconditionals="47" methods="8" coveredmethods="8"/>
      <line num="3" count="35" type="stmt"/>
      <line num="7" count="1" type="stmt"/>
      <line num="10" count="6" type="stmt"/>
      <line num="13" count="6" type="stmt"/>
      <line num="16" count="6" type="stmt"/>
      <line num="19" count="28" type="stmt"/>
      <line num="21" count="28" type="cond" truecount="2" falsecount="0"/>
      <line num="22" count="14" type="cond" truecount="7" falsecount="1"/>
      <line num="24" count="2" type="cond" truecount="2" falsecount="0"/>
      <line num="26" count="2" type="cond" truecount="2" falsecount="0"/>
      <line num="28" count="2" type="cond" truecount="2" falsecount="0"/>
      <line num="30" count="2" type="cond" truecount="2" falsecount="0"/>
      <line num="32" count="2" type="cond" truecount="2" falsecount="0"/>
      <line num="34" count="2" type="cond" truecount="2" falsecount="0"/>
      <line num="36" count="2" type="cond" truecount="2" falsecount="0"/>
      <line num="38" count="0" type="cond" truecount="0" falsecount="2"/>
      <line num="41" count="14" type="cond" truecount="7" falsecount="1"/>
      <line num="43" count="2" type="cond" truecount="2" falsecount="0"/>
      <line num="45" count="2" type="cond" truecount="2" falsecount="0"/>
      <line num="47" count="2" type="cond" truecount="2" falsecount="0"/>
      <line num="49" count="2" type="cond" truecount="2" falsecount="0"/>
      <line num="51" count="2" type="cond" truecount="2" falsecount="0"/>
      <line num="53" count="2" type="cond" truecount="2" falsecount="0"/>
      <line num="55" count="2" type="cond" truecount="2" falsecount="0"/>
      <line num="57" count="0" type="cond" truecount="0" falsecount="2"/>
      <line num="63" count="5" type="cond" truecount="1" falsecount="1"/>
      <line num="64" count="5" type="stmt"/>
      <line num="65" count="5" type="stmt"/>
      <line num="66" count="5" type="stmt"/>
      <line num="68" count="5" type="cond" truecount="2" falsecount="0"/>
      <line num="69" count="1" type="stmt"/>
      <line num="71" count="4" type="stmt"/>
      <line num="76" count="1" type="stmt"/>
    </file>
  </project>
</coverage>
