TN:
SF:getTime/getTime.js
FN:2,(anonymous_0)
FN:6,(anonymous_1)
FN:9,(anonymous_2)
FN:12,(anonymous_3)
FN:15,(anonymous_4)
FN:18,(anonymous_5)
FN:62,(anonymous_6)
FN:63,(anonymous_7)
FNF:8
FNH:8
FNDA:35,(anonymous_0)
FNDA:1,(anonymous_1)
FNDA:6,(anonymous_2)
FNDA:6,(anonymous_3)
FNDA:6,(anonymous_4)
FNDA:28,(anonymous_5)
FNDA:5,(anonymous_6)
FNDA:2,(anonymous_7)
DA:3,35
DA:7,1
DA:10,6
DA:13,6
DA:16,6
DA:19,28
DA:21,28
DA:22,14
DA:24,2
DA:26,2
DA:28,2
DA:30,2
DA:32,2
DA:34,2
DA:36,2
DA:38,0
DA:41,14
DA:43,2
DA:45,2
DA:47,2
DA:49,2
DA:51,2
DA:53,2
DA:55,2
DA:57,0
DA:63,5
DA:64,5
DA:65,5
DA:66,5
DA:68,5
DA:69,1
DA:71,4
DA:76,1
LF:33
LH:31
BRDA:21,0,0,14
BRDA:21,0,1,14
BRDA:22,1,0,2
BRDA:22,1,1,2
BRDA:22,1,2,2
BRDA:22,1,3,2
BRDA:22,1,4,2
BRDA:22,1,5,2
BRDA:22,1,6,2
BRDA:22,1,7,0
BRDA:24,2,0,1
BRDA:24,2,1,1
BRDA:26,3,0,1
BRDA:26,3,1,1
BRDA:28,4,0,1
BRDA:28,4,1,1
BRDA:30,5,0,1
BRDA:30,5,1,1
BRDA:32,6,0,1
BRDA:32,6,1,1
BRDA:34,7,0,1
BRDA:34,7,1,1
BRDA:36,8,0,1
BRDA:36,8,1,1
BRDA:38,9,0,0
BRDA:38,9,1,0
BRDA:41,10,0,2
BRDA:41,10,1,2
BRDA:41,10,2,2
BRDA:41,10,3,2
BRDA:41,10,4,2
BRDA:41,10,5,2
BRDA:41,10,6,2
BRDA:41,10,7,0
BRDA:43,11,0,1
BRDA:43,11,1,1
BRDA:45,12,0,1
BRDA:45,12,1,1
BRDA:47,13,0,1
BRDA:47,13,1,1
BRDA:49,14,0,1
BRDA:49,14,1,1
BRDA:51,15,0,1
BRDA:51,15,1,1
BRDA:53,16,0,1
BRDA:53,16,1,1
BRDA:55,17,0,1
BRDA:55,17,1,1
BRDA:57,18,0,0
BRDA:57,18,1,0
BRDA:63,19,0,2
BRDA:63,19,1,0
BRDA:68,20,0,1
BRDA:68,20,1,4
BRF:54
BRH:47
end_of_record
